{"uid":"4b4757e66a1912dae1a509f688f20b0f","name":"categories","children":[{"name":"Test defects","children":[{"name":"selenium.common.exceptions.NoSuchElementException: Message: no such element: Unable to locate element: {\"method\":\"css selector\",\"selector\":\"input[value='proteinfolding-alphafold2-monomer-awsbatch-v2-demo']\"}\n  (Session info: chrome=122.0.6261.69); For documentation on this error, please visit: https://www.selenium.dev/documentation/webdriver/troubleshooting/errors#no-such-element-exception\nStacktrace:\n0   chromedriver                        0x000000010449853c chromedriver + 3966268\n1   chromedriver                        0x0000000104490ac8 chromedriver + 3934920\n2   chromedriver                        0x0000000104113da0 chromedriver + 277920\n3   chromedriver                        0x0000000104156394 chromedriver + 549780\n4   chromedriver                        0x000000010418ebf0 chromedriver + 781296\n5   chromedriver                        0x000000010414afb0 chromedriver + 503728\n6   chromedriver                        0x000000010414ba28 chromedriver + 506408\n7   chromedriver                        0x000000010445d724 chromedriver + 3725092\n8   chromedriver                        0x0000000104461c18 chromedriver + 3742744\n9   chromedriver                        0x000000010444620c chromedriver + 3629580\n10  chromedriver                        0x0000000104462714 chromedriver + 3745556\n11  chromedriver                        0x0000000104439584 chromedriver + 3577220\n12  chromedriver                        0x0000000104480f74 chromedriver + 3870580\n13  chromedriver                        0x0000000104481118 chromedriver + 3871000\n14  chromedriver                        0x0000000104490738 chromedriver + 3934008\n15  libsystem_pthread.dylib             0x000000018a38bfa8 _pthread_start + 148\n16  libsystem_pthread.dylib             0x000000018a386da0 thread_start + 8","children":[{"name":"test_create_pipeline[pipeline_config0]","uid":"8af25fc745ddce69","parentUid":"469d529360b7399ba2499bdf1b4f40d1","status":"broken","time":{"start":1709197456805,"stop":1709197456820,"duration":15},"flaky":false,"newFailed":false,"newPassed":false,"newBroken":false,"retriesCount":0,"retriesStatusChange":false,"parameters":["{'selected_pipeline': 'proteinfolding-alphafold2-monomer-awsbatch-v2-demo', 'pipeline_name': 'multimer-batchrun', 'file_path': '/Users/nishantchauhan/Downloads/test-files/monomer-test/monomer-batch 2/monomer-short -2.fasta'}"],"tags":["@pytest.mark.usefixtures('driver_setup')"]}],"uid":"469d529360b7399ba2499bdf1b4f40d1"},{"name":"selenium.common.exceptions.NoSuchElementException: Message: no such element: Unable to locate element: {\"method\":\"css selector\",\"selector\":\"input[value='proteinfolding-alphafold2-monomer-awsbatch-v1']\"}\n  (Session info: chrome=122.0.6261.69); For documentation on this error, please visit: https://www.selenium.dev/documentation/webdriver/troubleshooting/errors#no-such-element-exception\nStacktrace:\n0   chromedriver                        0x000000010449853c chromedriver + 3966268\n1   chromedriver                        0x0000000104490ac8 chromedriver + 3934920\n2   chromedriver                        0x0000000104113da0 chromedriver + 277920\n3   chromedriver                        0x0000000104156394 chromedriver + 549780\n4   chromedriver                        0x000000010418ebf0 chromedriver + 781296\n5   chromedriver                        0x000000010414afb0 chromedriver + 503728\n6   chromedriver                        0x000000010414ba28 chromedriver + 506408\n7   chromedriver                        0x000000010445d724 chromedriver + 3725092\n8   chromedriver                        0x0000000104461c18 chromedriver + 3742744\n9   chromedriver                        0x000000010444620c chromedriver + 3629580\n10  chromedriver                        0x0000000104462714 chromedriver + 3745556\n11  chromedriver                        0x0000000104439584 chromedriver + 3577220\n12  chromedriver                        0x0000000104480f74 chromedriver + 3870580\n13  chromedriver                        0x0000000104481118 chromedriver + 3871000\n14  chromedriver                        0x0000000104490738 chromedriver + 3934008\n15  libsystem_pthread.dylib             0x000000018a38bfa8 _pthread_start + 148\n16  libsystem_pthread.dylib             0x000000018a386da0 thread_start + 8","children":[{"name":"test_create_pipeline[pipeline_config1]","uid":"f4e63a3fc926d1ba","parentUid":"e28a877e5e4a55bdbe550ef7abec4ac0","status":"broken","time":{"start":1709197456856,"stop":1709197456861,"duration":5},"flaky":false,"newFailed":false,"newPassed":false,"newBroken":false,"retriesCount":0,"retriesStatusChange":false,"parameters":["{'selected_pipeline': 'proteinfolding-alphafold2-monomer-awsbatch-v1', 'pipeline_name': 'monomer-batchrun', 'file_path': '/Users/nishantchauhan/Downloads/test-files/multimer-test/multimer-batch/multimer-1.fasta'}"],"tags":["@pytest.mark.usefixtures('driver_setup')"]}],"uid":"e28a877e5e4a55bdbe550ef7abec4ac0"},{"name":"selenium.common.exceptions.NoSuchElementException: Message: no such element: Unable to locate element: {\"method\":\"xpath\",\"selector\":\"//span[normalize-space()='Add New']\"}\n  (Session info: chrome=122.0.6261.69); For documentation on this error, please visit: https://www.selenium.dev/documentation/webdriver/troubleshooting/errors#no-such-element-exception\nStacktrace:\n0   chromedriver                        0x000000010449853c chromedriver + 3966268\n1   chromedriver                        0x0000000104490ac8 chromedriver + 3934920\n2   chromedriver                        0x0000000104113da0 chromedriver + 277920\n3   chromedriver                        0x0000000104156394 chromedriver + 549780\n4   chromedriver                        0x000000010418ebf0 chromedriver + 781296\n5   chromedriver                        0x000000010414afb0 chromedriver + 503728\n6   chromedriver                        0x000000010414ba28 chromedriver + 506408\n7   chromedriver                        0x000000010445d724 chromedriver + 3725092\n8   chromedriver                        0x0000000104461c18 chromedriver + 3742744\n9   chromedriver                        0x000000010444620c chromedriver + 3629580\n10  chromedriver                        0x0000000104462714 chromedriver + 3745556\n11  chromedriver                        0x0000000104439584 chromedriver + 3577220\n12  chromedriver                        0x0000000104480f74 chromedriver + 3870580\n13  chromedriver                        0x0000000104481118 chromedriver + 3871000\n14  chromedriver                        0x0000000104490738 chromedriver + 3934008\n15  libsystem_pthread.dylib             0x000000018a38bfa8 _pthread_start + 148\n16  libsystem_pthread.dylib             0x000000018a386da0 thread_start + 8","children":[{"name":"test_createworkspace[workspace_data1]","uid":"c1f9639081e31f52","parentUid":"a2c8337b819e2d40924c7a02e315ae40","status":"broken","time":{"start":1709197496568,"stop":1709197505772,"duration":9204},"flaky":false,"newFailed":false,"newPassed":false,"newBroken":false,"retriesCount":0,"retriesStatusChange":false,"parameters":["{'type': 'Admin Terminal', 'name': 'workAdmin_Terminal'}"],"tags":["@pytest.mark.usefixtures('driver_setup')"]},{"name":"test_createworkspace[workspace_data2]","uid":"c0472349aafee06b","parentUid":"a2c8337b819e2d40924c7a02e315ae40","status":"broken","time":{"start":1709197505784,"stop":1709197514971,"duration":9187},"flaky":false,"newFailed":false,"newPassed":false,"newBroken":false,"retriesCount":0,"retriesStatusChange":false,"parameters":["{'type': 'Basic JupyterLab', 'name': 'workBasic_JupyterLab'}"],"tags":["@pytest.mark.usefixtures('driver_setup')"]},{"name":"test_createworkspace[workspace_data3]","uid":"9b5c62a0e1cef94e","parentUid":"a2c8337b819e2d40924c7a02e315ae40","status":"broken","time":{"start":1709197514982,"stop":1709197524178,"duration":9196},"flaky":false,"newFailed":false,"newPassed":false,"newBroken":false,"retriesCount":0,"retriesStatusChange":false,"parameters":["{'type': 'Ubuntu Terminal', 'name': 'workUbuntu-Terminal'}"],"tags":["@pytest.mark.usefixtures('driver_setup')"]}],"uid":"a2c8337b819e2d40924c7a02e315ae40"},{"name":"selenium.common.exceptions.NoSuchElementException: Message: no such element: Unable to locate element: {\"method\":\"xpath\",\"selector\":\"//span[@class='menu-name'][normalize-space()='Workspaces']\"}\n  (Session info: chrome=122.0.6261.69); For documentation on this error, please visit: https://www.selenium.dev/documentation/webdriver/troubleshooting/errors#no-such-element-exception\nStacktrace:\n0   chromedriver                        0x000000010449853c chromedriver + 3966268\n1   chromedriver                        0x0000000104490ac8 chromedriver + 3934920\n2   chromedriver                        0x0000000104113da0 chromedriver + 277920\n3   chromedriver                        0x0000000104156394 chromedriver + 549780\n4   chromedriver                        0x000000010418ebf0 chromedriver + 781296\n5   chromedriver                        0x000000010414afb0 chromedriver + 503728\n6   chromedriver                        0x000000010414ba28 chromedriver + 506408\n7   chromedriver                        0x000000010445d724 chromedriver + 3725092\n8   chromedriver                        0x0000000104461c18 chromedriver + 3742744\n9   chromedriver                        0x000000010444620c chromedriver + 3629580\n10  chromedriver                        0x0000000104462714 chromedriver + 3745556\n11  chromedriver                        0x0000000104439584 chromedriver + 3577220\n12  chromedriver                        0x0000000104480f74 chromedriver + 3870580\n13  chromedriver                        0x0000000104481118 chromedriver + 3871000\n14  chromedriver                        0x0000000104490738 chromedriver + 3934008\n15  libsystem_pthread.dylib             0x000000018a38bfa8 _pthread_start + 148\n16  libsystem_pthread.dylib             0x000000018a386da0 thread_start + 8","children":[{"name":"test_stopworkspace","uid":"1260a8d481f3c74f","parentUid":"d112bc212ff94ce6995f7090633e4230","status":"broken","time":{"start":1709197524197,"stop":1709197524201,"duration":4},"flaky":false,"newFailed":false,"newPassed":false,"newBroken":false,"retriesCount":0,"retriesStatusChange":false,"parameters":[],"tags":["@pytest.mark.usefixtures('driver_setup')"]}],"uid":"d112bc212ff94ce6995f7090633e4230"},{"name":"selenium.common.exceptions.NoSuchElementException: Message: no such element: Unable to locate element: {\"method\":\"xpath\",\"selector\":\"//span[contains(@class, 'refreshingIcon')]\"}\n  (Session info: chrome=122.0.6261.69); For documentation on this error, please visit: https://www.selenium.dev/documentation/webdriver/troubleshooting/errors#no-such-element-exception\nStacktrace:\n0   chromedriver                        0x000000010449853c chromedriver + 3966268\n1   chromedriver                        0x0000000104490ac8 chromedriver + 3934920\n2   chromedriver                        0x0000000104113da0 chromedriver + 277920\n3   chromedriver                        0x0000000104156394 chromedriver + 549780\n4   chromedriver                        0x000000010418ebf0 chromedriver + 781296\n5   chromedriver                        0x000000010414afb0 chromedriver + 503728\n6   chromedriver                        0x000000010414ba28 chromedriver + 506408\n7   chromedriver                        0x000000010445d724 chromedriver + 3725092\n8   chromedriver                        0x0000000104461c18 chromedriver + 3742744\n9   chromedriver                        0x000000010444620c chromedriver + 3629580\n10  chromedriver                        0x0000000104462714 chromedriver + 3745556\n11  chromedriver                        0x0000000104439584 chromedriver + 3577220\n12  chromedriver                        0x0000000104480f74 chromedriver + 3870580\n13  chromedriver                        0x0000000104481118 chromedriver + 3871000\n14  chromedriver                        0x0000000104490738 chromedriver + 3934008\n15  libsystem_pthread.dylib             0x000000018a38bfa8 _pthread_start + 148\n16  libsystem_pthread.dylib             0x000000018a386da0 thread_start + 8","children":[{"name":"test_startworkspace","uid":"37f217030714ab21","parentUid":"a101b63e17c4bf8ebb6a396e798d7386","status":"broken","time":{"start":1709197524210,"stop":1709197524215,"duration":5},"flaky":false,"newFailed":false,"newPassed":false,"newBroken":false,"retriesCount":0,"retriesStatusChange":false,"parameters":[],"tags":["@pytest.mark.usefixtures('driver_setup')"]},{"name":"test_restartworkspace","uid":"2c29f0e112885949","parentUid":"a101b63e17c4bf8ebb6a396e798d7386","status":"broken","time":{"start":1709197524224,"stop":1709197524226,"duration":2},"flaky":false,"newFailed":false,"newPassed":false,"newBroken":false,"retriesCount":0,"retriesStatusChange":false,"parameters":[],"tags":["@pytest.mark.usefixtures('driver_setup')"]},{"name":"test_Shareworkspace","uid":"7944ef0079ee0183","parentUid":"a101b63e17c4bf8ebb6a396e798d7386","status":"broken","time":{"start":1709197524236,"stop":1709197524239,"duration":3},"flaky":false,"newFailed":false,"newPassed":false,"newBroken":false,"retriesCount":0,"retriesStatusChange":false,"parameters":[],"tags":["@pytest.mark.usefixtures('driver_setup')"]}],"uid":"a101b63e17c4bf8ebb6a396e798d7386"}],"uid":"bdbf199525818fae7a8651db9eafe741"}]}