{"ac4d8e250a96a0d410adfbb64c33778e":{"statistic":{"failed":0,"broken":1,"skipped":0,"passed":0,"unknown":0,"total":1},"items":[{"uid":"37f217030714ab21","status":"broken","statusDetails":"selenium.common.exceptions.NoSuchElementException: Message: no such element: Unable to locate element: {\"method\":\"xpath\",\"selector\":\"//span[contains(@class, 'refreshingIcon')]\"}\n  (Session info: chrome=122.0.6261.69); For documentation on this error, please visit: https://www.selenium.dev/documentation/webdriver/troubleshooting/errors#no-such-element-exception\nStacktrace:\n0   chromedriver                        0x000000010449853c chromedriver + 3966268\n1   chromedriver                        0x0000000104490ac8 chromedriver + 3934920\n2   chromedriver                        0x0000000104113da0 chromedriver + 277920\n3   chromedriver                        0x0000000104156394 chromedriver + 549780\n4   chromedriver                        0x000000010418ebf0 chromedriver + 781296\n5   chromedriver                        0x000000010414afb0 chromedriver + 503728\n6   chromedriver                        0x000000010414ba28 chromedriver + 506408\n7   chromedriver                        0x000000010445d724 chromedriver + 3725092\n8   chromedriver                        0x0000000104461c18 chromedriver + 3742744\n9   chromedriver                        0x000000010444620c chromedriver + 3629580\n10  chromedriver                        0x0000000104462714 chromedriver + 3745556\n11  chromedriver                        0x0000000104439584 chromedriver + 3577220\n12  chromedriver                        0x0000000104480f74 chromedriver + 3870580\n13  chromedriver                        0x0000000104481118 chromedriver + 3871000\n14  chromedriver                        0x0000000104490738 chromedriver + 3934008\n15  libsystem_pthread.dylib             0x000000018a38bfa8 _pthread_start + 148\n16  libsystem_pthread.dylib             0x000000018a386da0 thread_start + 8","time":{"start":1709197524210,"stop":1709197524215,"duration":5}}]},"e07f1fa83a748080c0028ad5c6dc6bff":{"statistic":{"failed":0,"broken":0,"skipped":0,"passed":1,"unknown":0,"total":1},"items":[{"uid":"54c8f90500b7ecc1","status":"passed","time":{"start":1709197414478,"stop":1709197447649,"duration":33171}}]},"1d62be022354c9ba0324c94e9edfe14b":{"statistic":{"failed":0,"broken":1,"skipped":0,"passed":0,"unknown":0,"total":1},"items":[{"uid":"8af25fc745ddce69","status":"broken","statusDetails":"selenium.common.exceptions.NoSuchElementException: Message: no such element: Unable to locate element: {\"method\":\"css selector\",\"selector\":\"input[value='proteinfolding-alphafold2-monomer-awsbatch-v2-demo']\"}\n  (Session info: chrome=122.0.6261.69); For documentation on this error, please visit: https://www.selenium.dev/documentation/webdriver/troubleshooting/errors#no-such-element-exception\nStacktrace:\n0   chromedriver                        0x000000010449853c chromedriver + 3966268\n1   chromedriver                        0x0000000104490ac8 chromedriver + 3934920\n2   chromedriver                        0x0000000104113da0 chromedriver + 277920\n3   chromedriver                        0x0000000104156394 chromedriver + 549780\n4   chromedriver                        0x000000010418ebf0 chromedriver + 781296\n5   chromedriver                        0x000000010414afb0 chromedriver + 503728\n6   chromedriver                        0x000000010414ba28 chromedriver + 506408\n7   chromedriver                        0x000000010445d724 chromedriver + 3725092\n8   chromedriver                        0x0000000104461c18 chromedriver + 3742744\n9   chromedriver                        0x000000010444620c chromedriver + 3629580\n10  chromedriver                        0x0000000104462714 chromedriver + 3745556\n11  chromedriver                        0x0000000104439584 chromedriver + 3577220\n12  chromedriver                        0x0000000104480f74 chromedriver + 3870580\n13  chromedriver                        0x0000000104481118 chromedriver + 3871000\n14  chromedriver                        0x0000000104490738 chromedriver + 3934008\n15  libsystem_pthread.dylib             0x000000018a38bfa8 _pthread_start + 148\n16  libsystem_pthread.dylib             0x000000018a386da0 thread_start + 8","time":{"start":1709197456805,"stop":1709197456820,"duration":15}}]},"1870daeff5d2daf6debc5ac2677cdbaf":{"statistic":{"failed":0,"broken":1,"skipped":0,"passed":0,"unknown":0,"total":1},"items":[{"uid":"9b5c62a0e1cef94e","status":"broken","statusDetails":"selenium.common.exceptions.NoSuchElementException: Message: no such element: Unable to locate element: {\"method\":\"xpath\",\"selector\":\"//span[normalize-space()='Add New']\"}\n  (Session info: chrome=122.0.6261.69); For documentation on this error, please visit: https://www.selenium.dev/documentation/webdriver/troubleshooting/errors#no-such-element-exception\nStacktrace:\n0   chromedriver                        0x000000010449853c chromedriver + 3966268\n1   chromedriver                        0x0000000104490ac8 chromedriver + 3934920\n2   chromedriver                        0x0000000104113da0 chromedriver + 277920\n3   chromedriver                        0x0000000104156394 chromedriver + 549780\n4   chromedriver                        0x000000010418ebf0 chromedriver + 781296\n5   chromedriver                        0x000000010414afb0 chromedriver + 503728\n6   chromedriver                        0x000000010414ba28 chromedriver + 506408\n7   chromedriver                        0x000000010445d724 chromedriver + 3725092\n8   chromedriver                        0x0000000104461c18 chromedriver + 3742744\n9   chromedriver                        0x000000010444620c chromedriver + 3629580\n10  chromedriver                        0x0000000104462714 chromedriver + 3745556\n11  chromedriver                        0x0000000104439584 chromedriver + 3577220\n12  chromedriver                        0x0000000104480f74 chromedriver + 3870580\n13  chromedriver                        0x0000000104481118 chromedriver + 3871000\n14  chromedriver                        0x0000000104490738 chromedriver + 3934008\n15  libsystem_pthread.dylib             0x000000018a38bfa8 _pthread_start + 148\n16  libsystem_pthread.dylib             0x000000018a386da0 thread_start + 8","time":{"start":1709197514982,"stop":1709197524178,"duration":9196}}]},"12ae20d136377af49e02e90352fe0386":{"statistic":{"failed":0,"broken":1,"skipped":0,"passed":0,"unknown":0,"total":1},"items":[{"uid":"2c29f0e112885949","status":"broken","statusDetails":"selenium.common.exceptions.NoSuchElementException: Message: no such element: Unable to locate element: {\"method\":\"xpath\",\"selector\":\"//span[contains(@class, 'refreshingIcon')]\"}\n  (Session info: chrome=122.0.6261.69); For documentation on this error, please visit: https://www.selenium.dev/documentation/webdriver/troubleshooting/errors#no-such-element-exception\nStacktrace:\n0   chromedriver                        0x000000010449853c chromedriver + 3966268\n1   chromedriver                        0x0000000104490ac8 chromedriver + 3934920\n2   chromedriver                        0x0000000104113da0 chromedriver + 277920\n3   chromedriver                        0x0000000104156394 chromedriver + 549780\n4   chromedriver                        0x000000010418ebf0 chromedriver + 781296\n5   chromedriver                        0x000000010414afb0 chromedriver + 503728\n6   chromedriver                        0x000000010414ba28 chromedriver + 506408\n7   chromedriver                        0x000000010445d724 chromedriver + 3725092\n8   chromedriver                        0x0000000104461c18 chromedriver + 3742744\n9   chromedriver                        0x000000010444620c chromedriver + 3629580\n10  chromedriver                        0x0000000104462714 chromedriver + 3745556\n11  chromedriver                        0x0000000104439584 chromedriver + 3577220\n12  chromedriver                        0x0000000104480f74 chromedriver + 3870580\n13  chromedriver                        0x0000000104481118 chromedriver + 3871000\n14  chromedriver                        0x0000000104490738 chromedriver + 3934008\n15  libsystem_pthread.dylib             0x000000018a38bfa8 _pthread_start + 148\n16  libsystem_pthread.dylib             0x000000018a386da0 thread_start + 8","time":{"start":1709197524224,"stop":1709197524226,"duration":2}}]},"75e2a252a33ce865740307e0cf534b05":{"statistic":{"failed":0,"broken":1,"skipped":0,"passed":0,"unknown":0,"total":1},"items":[{"uid":"7944ef0079ee0183","status":"broken","statusDetails":"selenium.common.exceptions.NoSuchElementException: Message: no such element: Unable to locate element: {\"method\":\"xpath\",\"selector\":\"//span[contains(@class, 'refreshingIcon')]\"}\n  (Session info: chrome=122.0.6261.69); For documentation on this error, please visit: https://www.selenium.dev/documentation/webdriver/troubleshooting/errors#no-such-element-exception\nStacktrace:\n0   chromedriver                        0x000000010449853c chromedriver + 3966268\n1   chromedriver                        0x0000000104490ac8 chromedriver + 3934920\n2   chromedriver                        0x0000000104113da0 chromedriver + 277920\n3   chromedriver                        0x0000000104156394 chromedriver + 549780\n4   chromedriver                        0x000000010418ebf0 chromedriver + 781296\n5   chromedriver                        0x000000010414afb0 chromedriver + 503728\n6   chromedriver                        0x000000010414ba28 chromedriver + 506408\n7   chromedriver                        0x000000010445d724 chromedriver + 3725092\n8   chromedriver                        0x0000000104461c18 chromedriver + 3742744\n9   chromedriver                        0x000000010444620c chromedriver + 3629580\n10  chromedriver                        0x0000000104462714 chromedriver + 3745556\n11  chromedriver                        0x0000000104439584 chromedriver + 3577220\n12  chromedriver                        0x0000000104480f74 chromedriver + 3870580\n13  chromedriver                        0x0000000104481118 chromedriver + 3871000\n14  chromedriver                        0x0000000104490738 chromedriver + 3934008\n15  libsystem_pthread.dylib             0x000000018a38bfa8 _pthread_start + 148\n16  libsystem_pthread.dylib             0x000000018a386da0 thread_start + 8","time":{"start":1709197524236,"stop":1709197524239,"duration":3}}]},"2ea8a265d5ee5456d8cf224a64e5d1eb":{"statistic":{"failed":0,"broken":1,"skipped":0,"passed":0,"unknown":0,"total":1},"items":[{"uid":"c0472349aafee06b","status":"broken","statusDetails":"selenium.common.exceptions.NoSuchElementException: Message: no such element: Unable to locate element: {\"method\":\"xpath\",\"selector\":\"//span[normalize-space()='Add New']\"}\n  (Session info: chrome=122.0.6261.69); For documentation on this error, please visit: https://www.selenium.dev/documentation/webdriver/troubleshooting/errors#no-such-element-exception\nStacktrace:\n0   chromedriver                        0x000000010449853c chromedriver + 3966268\n1   chromedriver                        0x0000000104490ac8 chromedriver + 3934920\n2   chromedriver                        0x0000000104113da0 chromedriver + 277920\n3   chromedriver                        0x0000000104156394 chromedriver + 549780\n4   chromedriver                        0x000000010418ebf0 chromedriver + 781296\n5   chromedriver                        0x000000010414afb0 chromedriver + 503728\n6   chromedriver                        0x000000010414ba28 chromedriver + 506408\n7   chromedriver                        0x000000010445d724 chromedriver + 3725092\n8   chromedriver                        0x0000000104461c18 chromedriver + 3742744\n9   chromedriver                        0x000000010444620c chromedriver + 3629580\n10  chromedriver                        0x0000000104462714 chromedriver + 3745556\n11  chromedriver                        0x0000000104439584 chromedriver + 3577220\n12  chromedriver                        0x0000000104480f74 chromedriver + 3870580\n13  chromedriver                        0x0000000104481118 chromedriver + 3871000\n14  chromedriver                        0x0000000104490738 chromedriver + 3934008\n15  libsystem_pthread.dylib             0x000000018a38bfa8 _pthread_start + 148\n16  libsystem_pthread.dylib             0x000000018a386da0 thread_start + 8","time":{"start":1709197505784,"stop":1709197514971,"duration":9187}}]},"4e16112542e041fe7dae1036b1e0d6b1":{"statistic":{"failed":0,"broken":1,"skipped":0,"passed":0,"unknown":0,"total":1},"items":[{"uid":"f4e63a3fc926d1ba","status":"broken","statusDetails":"selenium.common.exceptions.NoSuchElementException: Message: no such element: Unable to locate element: {\"method\":\"css selector\",\"selector\":\"input[value='proteinfolding-alphafold2-monomer-awsbatch-v1']\"}\n  (Session info: chrome=122.0.6261.69); For documentation on this error, please visit: https://www.selenium.dev/documentation/webdriver/troubleshooting/errors#no-such-element-exception\nStacktrace:\n0   chromedriver                        0x000000010449853c chromedriver + 3966268\n1   chromedriver                        0x0000000104490ac8 chromedriver + 3934920\n2   chromedriver                        0x0000000104113da0 chromedriver + 277920\n3   chromedriver                        0x0000000104156394 chromedriver + 549780\n4   chromedriver                        0x000000010418ebf0 chromedriver + 781296\n5   chromedriver                        0x000000010414afb0 chromedriver + 503728\n6   chromedriver                        0x000000010414ba28 chromedriver + 506408\n7   chromedriver                        0x000000010445d724 chromedriver + 3725092\n8   chromedriver                        0x0000000104461c18 chromedriver + 3742744\n9   chromedriver                        0x000000010444620c chromedriver + 3629580\n10  chromedriver                        0x0000000104462714 chromedriver + 3745556\n11  chromedriver                        0x0000000104439584 chromedriver + 3577220\n12  chromedriver                        0x0000000104480f74 chromedriver + 3870580\n13  chromedriver                        0x0000000104481118 chromedriver + 3871000\n14  chromedriver                        0x0000000104490738 chromedriver + 3934008\n15  libsystem_pthread.dylib             0x000000018a38bfa8 _pthread_start + 148\n16  libsystem_pthread.dylib             0x000000018a386da0 thread_start + 8","time":{"start":1709197456856,"stop":1709197456861,"duration":5}}]},"d795aa89752a12c6200dd26f94db9154":{"statistic":{"failed":0,"broken":0,"skipped":0,"passed":1,"unknown":0,"total":1},"items":[{"uid":"bef4db2ce82a3829","status":"passed","time":{"start":1709197524190,"stop":1709197524196,"duration":6}}]},"8a616838e426aaa4158eaa4c0ea27e6f":{"statistic":{"failed":0,"broken":0,"skipped":0,"passed":1,"unknown":0,"total":1},"items":[{"uid":"3d5b73f186d9401b","status":"passed","time":{"start":1709197456874,"stop":1709197457067,"duration":193}}]},"2cdc941834cbd01ce57af92bb04794da":{"statistic":{"failed":0,"broken":0,"skipped":0,"passed":1,"unknown":0,"total":1},"items":[{"uid":"9fffe22cab02295e","status":"passed","time":{"start":1709197447656,"stop":1709197456800,"duration":9144}}]},"b0903380587b0ee3a8de09089c1f1777":{"statistic":{"failed":0,"broken":1,"skipped":0,"passed":0,"unknown":0,"total":1},"items":[{"uid":"c1f9639081e31f52","status":"broken","statusDetails":"selenium.common.exceptions.NoSuchElementException: Message: no such element: Unable to locate element: {\"method\":\"xpath\",\"selector\":\"//span[normalize-space()='Add New']\"}\n  (Session info: chrome=122.0.6261.69); For documentation on this error, please visit: https://www.selenium.dev/documentation/webdriver/troubleshooting/errors#no-such-element-exception\nStacktrace:\n0   chromedriver                        0x000000010449853c chromedriver + 3966268\n1   chromedriver                        0x0000000104490ac8 chromedriver + 3934920\n2   chromedriver                        0x0000000104113da0 chromedriver + 277920\n3   chromedriver                        0x0000000104156394 chromedriver + 549780\n4   chromedriver                        0x000000010418ebf0 chromedriver + 781296\n5   chromedriver                        0x000000010414afb0 chromedriver + 503728\n6   chromedriver                        0x000000010414ba28 chromedriver + 506408\n7   chromedriver                        0x000000010445d724 chromedriver + 3725092\n8   chromedriver                        0x0000000104461c18 chromedriver + 3742744\n9   chromedriver                        0x000000010444620c chromedriver + 3629580\n10  chromedriver                        0x0000000104462714 chromedriver + 3745556\n11  chromedriver                        0x0000000104439584 chromedriver + 3577220\n12  chromedriver                        0x0000000104480f74 chromedriver + 3870580\n13  chromedriver                        0x0000000104481118 chromedriver + 3871000\n14  chromedriver                        0x0000000104490738 chromedriver + 3934008\n15  libsystem_pthread.dylib             0x000000018a38bfa8 _pthread_start + 148\n16  libsystem_pthread.dylib             0x000000018a386da0 thread_start + 8","time":{"start":1709197496568,"stop":1709197505772,"duration":9204}}]},"7d31656fdf8527d5bf6637752b86a608":{"statistic":{"failed":0,"broken":0,"skipped":0,"passed":1,"unknown":0,"total":1},"items":[{"uid":"56e0059b069fe073","status":"passed","time":{"start":1709197524248,"stop":1709197524254,"duration":6}}]},"880005275f3f5b5f81d1e3d87af3d1e3":{"statistic":{"failed":0,"broken":1,"skipped":0,"passed":0,"unknown":0,"total":1},"items":[{"uid":"1260a8d481f3c74f","status":"broken","statusDetails":"selenium.common.exceptions.NoSuchElementException: Message: no such element: Unable to locate element: {\"method\":\"xpath\",\"selector\":\"//span[@class='menu-name'][normalize-space()='Workspaces']\"}\n  (Session info: chrome=122.0.6261.69); For documentation on this error, please visit: https://www.selenium.dev/documentation/webdriver/troubleshooting/errors#no-such-element-exception\nStacktrace:\n0   chromedriver                        0x000000010449853c chromedriver + 3966268\n1   chromedriver                        0x0000000104490ac8 chromedriver + 3934920\n2   chromedriver                        0x0000000104113da0 chromedriver + 277920\n3   chromedriver                        0x0000000104156394 chromedriver + 549780\n4   chromedriver                        0x000000010418ebf0 chromedriver + 781296\n5   chromedriver                        0x000000010414afb0 chromedriver + 503728\n6   chromedriver                        0x000000010414ba28 chromedriver + 506408\n7   chromedriver                        0x000000010445d724 chromedriver + 3725092\n8   chromedriver                        0x0000000104461c18 chromedriver + 3742744\n9   chromedriver                        0x000000010444620c chromedriver + 3629580\n10  chromedriver                        0x0000000104462714 chromedriver + 3745556\n11  chromedriver                        0x0000000104439584 chromedriver + 3577220\n12  chromedriver                        0x0000000104480f74 chromedriver + 3870580\n13  chromedriver                        0x0000000104481118 chromedriver + 3871000\n14  chromedriver                        0x0000000104490738 chromedriver + 3934008\n15  libsystem_pthread.dylib             0x000000018a38bfa8 _pthread_start + 148\n16  libsystem_pthread.dylib             0x000000018a386da0 thread_start + 8","time":{"start":1709197524197,"stop":1709197524201,"duration":4}}]},"3c00de9274831cf863bc9a40242bd48f":{"statistic":{"failed":0,"broken":0,"skipped":0,"passed":1,"unknown":0,"total":1},"items":[{"uid":"ad88a26b06fbec10","status":"passed","time":{"start":1709197457068,"stop":1709197496561,"duration":39493}}]}}